<?xml version="1.0" encoding="UTF-8"?>
<!-- Generated by org.testng.reporters.JUnitReportReporter -->
<testsuite hostname="DKI-PF22M948" failures="0" tests="3" name="gmapAPI.DeleteBook" time="4.035" errors="0" timestamp="2024-10-24T13:00:01 CEST" skipped="0">
  <testcase classname="gmapAPI.DeleteBook" name="Deletebook" time="2.801"/>
  <testcase classname="gmapAPI.DeleteBook" name="Deletebook" time="0.627"/>
  <testcase classname="gmapAPI.DeleteBook" name="Deletebook" time="0.607"/>
</testsuite> <!-- gmapAPI.DeleteBook -->
