<?xml version="1.0" encoding="UTF-8"?>
<!-- Generated by org.testng.reporters.JUnitReportReporter -->
<testsuite hostname="DKI-PF22M948" failures="0" tests="1" name="gmapAPI.SumValidtaion" time="1.317" errors="0" timestamp="2024-10-24T15:49:21 CEST" skipped="0">
  <testcase classname="gmapAPI.SumValidtaion" name="noOfCourses" time="1.317"/>
</testsuite> <!-- gmapAPI.SumValidtaion -->
