<?xml version="1.0" encoding="UTF-8"?>
<!-- Generated by org.testng.reporters.JUnitReportReporter -->
<testsuite hostname="DKI-PF22M948" failures="0" tests="1" name="gmapAPI.FileToString" time="5.488" errors="0" timestamp="2024-10-18T14:40:00 CEST" skipped="0">
  <testcase classname="gmapAPI.FileToString" name="addplace" time="5.488"/>
</testsuite> <!-- gmapAPI.FileToString -->
