<?xml version="1.0" encoding="UTF-8"?>
<!-- Generated by org.testng.reporters.JUnitReportReporter -->
<testsuite hostname="DKI-PF22M948" failures="0" tests="3" name="gmapAPI.ParameterizationJsonTestNg" time="3.348" errors="0" timestamp="2024-10-17T16:25:14 CEST" skipped="0">
  <testcase classname="gmapAPI.ParameterizationJsonTestNg" name="Addbook" time="0.411"/>
  <testcase classname="gmapAPI.ParameterizationJsonTestNg" name="Addbook" time="2.564"/>
  <testcase classname="gmapAPI.ParameterizationJsonTestNg" name="Addbook" time="0.373"/>
</testsuite> <!-- gmapAPI.ParameterizationJsonTestNg -->
