<?xml version="1.0" encoding="UTF-8"?>
<!-- Generated by org.testng.reporters.JUnitReportReporter -->
<testsuite hostname="DKI-PF22M948" failures="0" tests="1" name="gmapAPI.TestNg_Demo" time="0.011" errors="0" timestamp="2024-10-24T17:36:49 CEST" skipped="0">
  <testcase classname="gmapAPI.TestNg_Demo" name="testmethod" time="0.011"/>
</testsuite> <!-- gmapAPI.TestNg_Demo -->
