<?xml version="1.0" encoding="UTF-8"?>
<!-- Generated by org.testng.reporters.JUnitReportReporter -->
<testsuite hostname="DKI-PF22M948" failures="0" tests="1" name="gmapAPI.Basic" time="2.498" errors="0" timestamp="2024-10-24T15:59:33 CEST" skipped="0">
  <testcase classname="gmapAPI.Basic" name="UpdateTheAddress" time="2.498"/>
</testsuite> <!-- gmapAPI.Basic -->
