<?xml version="1.0" encoding="UTF-8"?>
<!-- Generated by org.testng.reporters.JUnitReportReporter -->
<testsuite hostname="DKI-PF22M948" failures="0" tests="1" name="gmapAPI.MainTest" time="2.417" errors="0" timestamp="2024-10-25T14:51:10 CEST" skipped="0">
  <testcase classname="gmapAPI.MainTest" name="updateTheAddress" time="2.417">
    <system-out>
      <![CDATA[updateTheAddress start
TestNg_Reports And Logs]]>
    </system-out>
  </testcase> <!-- updateTheAddress -->
  <system-out>
    <![CDATA[Add new place
{"status":"OK","place_id":"eb143dbd8bf918d5f403e937c7d66bc8","scope":"APP","reference":"eb61f4f60866bcbd748175c6d09d1dc3eb61f4f60866bcbd748175c6d09d1dc3","id":"eb61f4f60866bcbd748175c6d09d1dc3"}
updateTheAddress start
TestNg_Reports And Logs
Get Address complete successfuly

Nested json started
Total no. pf sold copies

Test completes successfuly]]>
  </system-out>
</testsuite> <!-- gmapAPI.MainTest -->
