<?xml version="1.0" encoding="UTF-8"?>
<!-- Generated by org.testng.reporters.JUnitReportReporter -->
<testsuite hostname="DKI-PF22M948" failures="0" tests="3" name="gmapAPI.AddBookTestNg" time="4.207" errors="0" timestamp="2024-10-24T12:58:04 CEST" skipped="0">
  <testcase classname="gmapAPI.AddBookTestNg" name="Addbook" time="0.614"/>
  <testcase classname="gmapAPI.AddBookTestNg" name="Addbook" time="0.636"/>
  <testcase classname="gmapAPI.AddBookTestNg" name="Addbook" time="2.957"/>
</testsuite> <!-- gmapAPI.AddBookTestNg -->
