<?xml version="1.0" encoding="UTF-8"?>
<!-- Generated by org.testng.reporters.JUnitReportReporter -->
<testsuite hostname="DKI-PF22M948" failures="0" tests="1" name="gmapAPI.OAuth2" time="0.731" errors="0" timestamp="2024-10-25T14:48:44 CEST" skipped="0">
  <testcase classname="gmapAPI.OAuth2" name="getCourses" time="0.731">
    <system-out>
      <![CDATA[
Start of Get Courses details ]]>
    </system-out>
  </testcase> <!-- getCourses -->
  <system-out>
    <![CDATA[Start of Auth request token 

Start of Get Courses details ]]>
  </system-out>
</testsuite> <!-- gmapAPI.OAuth2 -->
